25-nov-2011 9:04:41 main.eventosBotones actionPerformed
GRAVE: null
com.mysql.jdbc.exceptions.jdbc4.MySQLSyntaxErrorException: Unknown column 'nombrfaweAutor' in 'field list'
	at sun.reflect.NativeConstructorAccessorImpl.newInstance0(Native Method)
	at sun.reflect.NativeConstructorAccessorImpl.newInstance(NativeConstructorAccessorImpl.java:57)
	at sun.reflect.DelegatingConstructorAccessorImpl.newInstance(DelegatingConstructorAccessorImpl.java:45)
	at java.lang.reflect.Constructor.newInstance(Constructor.java:532)
	at com.mysql.jdbc.Util.handleNewInstance(Util.java:409)
	at com.mysql.jdbc.Util.getInstance(Util.java:384)
	at com.mysql.jdbc.SQLError.createSQLException(SQLError.java:1054)
	at com.mysql.jdbc.MysqlIO.checkErrorPacket(MysqlIO.java:3566)
	at com.mysql.jdbc.MysqlIO.checkErrorPacket(MysqlIO.java:3498)
	at com.mysql.jdbc.MysqlIO.sendCommand(MysqlIO.java:1959)
	at com.mysql.jdbc.MysqlIO.sqlQueryDirect(MysqlIO.java:2113)
	at com.mysql.jdbc.ConnectionImpl.execSQL(ConnectionImpl.java:2562)
	at com.mysql.jdbc.ConnectionImpl.execSQL(ConnectionImpl.java:2512)
	at com.mysql.jdbc.StatementImpl.executeQuery(StatementImpl.java:1476)
	at BD.BD.consultar(BD.java:38)
	at BD.Consultor.lanzarConsulta(Consultor.java:46)
	at main.eventosBotones.actionPerformed(Main.java:143)
	at javax.swing.AbstractButton.fireActionPerformed(AbstractButton.java:2012)
	at javax.swing.AbstractButton$Handler.actionPerformed(AbstractButton.java:2335)
	at javax.swing.DefaultButtonModel.fireActionPerformed(DefaultButtonModel.java:404)
	at javax.swing.DefaultButtonModel.setPressed(DefaultButtonModel.java:259)
	at javax.swing.plaf.basic.BasicButtonListener.mouseReleased(BasicButtonListener.java:253)
	at java.awt.Component.processMouseEvent(Component.java:6268)
	at javax.swing.JComponent.processMouseEvent(JComponent.java:3267)
	at java.awt.Component.processEvent(Component.java:6033)
	at java.awt.Container.processEvent(Container.java:2045)
	at java.awt.Component.dispatchEventImpl(Component.java:4629)
	at java.awt.Container.dispatchEventImpl(Container.java:2103)
	at java.awt.Component.dispatchEvent(Component.java:4455)
	at java.awt.LightweightDispatcher.retargetMouseEvent(Container.java:4633)
	at java.awt.LightweightDispatcher.processMouseEvent(Container.java:4297)
	at java.awt.LightweightDispatcher.dispatchEvent(Container.java:4227)
	at java.awt.Container.dispatchEventImpl(Container.java:2089)
	at java.awt.Window.dispatchEventImpl(Window.java:2517)
	at java.awt.Component.dispatchEvent(Component.java:4455)
	at java.awt.EventQueue.dispatchEventImpl(EventQueue.java:649)
	at java.awt.EventQueue.access$000(EventQueue.java:96)
	at java.awt.EventQueue$1.run(EventQueue.java:608)
	at java.awt.EventQueue$1.run(EventQueue.java:606)
	at java.security.AccessController.doPrivileged(Native Method)
	at java.security.AccessControlContext$1.doIntersectionPrivilege(AccessControlContext.java:105)
	at java.security.AccessControlContext$1.doIntersectionPrivilege(AccessControlContext.java:116)
	at java.awt.EventQueue$2.run(EventQueue.java:622)
	at java.awt.EventQueue$2.run(EventQueue.java:620)
	at java.security.AccessController.doPrivileged(Native Method)
	at java.security.AccessControlContext$1.doIntersectionPrivilege(AccessControlContext.java:105)
	at java.awt.EventQueue.dispatchEvent(EventQueue.java:619)
	at java.awt.EventDispatchThread.pumpOneEventForFilters(EventDispatchThread.java:275)
	at java.awt.EventDispatchThread.pumpEventsForFilter(EventDispatchThread.java:200)
	at java.awt.EventDispatchThread.pumpEventsForHierarchy(EventDispatchThread.java:190)
	at java.awt.EventDispatchThread.pumpEvents(EventDispatchThread.java:185)
	at java.awt.EventDispatchThread.pumpEvents(EventDispatchThread.java:177)
	at java.awt.EventDispatchThread.run(EventDispatchThread.java:138)
25-nov-2011 9:04:49 main.eventosBotones actionPerformed
GRAVE: null
com.mysql.jdbc.exceptions.jdbc4.MySQLSyntaxErrorException: You have an error in your SQL syntax; check the manual that corresponds to your MySQL server version for the right syntax to use near '*FROM CasaDelLibro, Autor WHERE CasaDelLibro.idAutor = Autor.idAutor' at line 1
	at sun.reflect.NativeConstructorAccessorImpl.newInstance0(Native Method)
	at sun.reflect.NativeConstructorAccessorImpl.newInstance(NativeConstructorAccessorImpl.java:57)
	at sun.reflect.DelegatingConstructorAccessorImpl.newInstance(DelegatingConstructorAccessorImpl.java:45)
	at java.lang.reflect.Constructor.newInstance(Constructor.java:532)
	at com.mysql.jdbc.Util.handleNewInstance(Util.java:409)
	at com.mysql.jdbc.Util.getInstance(Util.java:384)
	at com.mysql.jdbc.SQLError.createSQLException(SQLError.java:1054)
	at com.mysql.jdbc.MysqlIO.checkErrorPacket(MysqlIO.java:3566)
	at com.mysql.jdbc.MysqlIO.checkErrorPacket(MysqlIO.java:3498)
	at com.mysql.jdbc.MysqlIO.sendCommand(MysqlIO.java:1959)
	at com.mysql.jdbc.MysqlIO.sqlQueryDirect(MysqlIO.java:2113)
	at com.mysql.jdbc.ConnectionImpl.execSQL(ConnectionImpl.java:2562)
	at com.mysql.jdbc.ConnectionImpl.execSQL(ConnectionImpl.java:2512)
	at com.mysql.jdbc.StatementImpl.executeQuery(StatementImpl.java:1476)
	at BD.BD.consultar(BD.java:38)
	at BD.Consultor.lanzarConsulta(Consultor.java:46)
	at main.eventosBotones.actionPerformed(Main.java:143)
	at javax.swing.AbstractButton.fireActionPerformed(AbstractButton.java:2012)
	at javax.swing.AbstractButton$Handler.actionPerformed(AbstractButton.java:2335)
	at javax.swing.DefaultButtonModel.fireActionPerformed(DefaultButtonModel.java:404)
	at javax.swing.DefaultButtonModel.setPressed(DefaultButtonModel.java:259)
	at javax.swing.plaf.basic.BasicButtonListener.mouseReleased(BasicButtonListener.java:253)
	at java.awt.Component.processMouseEvent(Component.java:6268)
	at javax.swing.JComponent.processMouseEvent(JComponent.java:3267)
	at java.awt.Component.processEvent(Component.java:6033)
	at java.awt.Container.processEvent(Container.java:2045)
	at java.awt.Component.dispatchEventImpl(Component.java:4629)
	at java.awt.Container.dispatchEventImpl(Container.java:2103)
	at java.awt.Component.dispatchEvent(Component.java:4455)
	at java.awt.LightweightDispatcher.retargetMouseEvent(Container.java:4633)
	at java.awt.LightweightDispatcher.processMouseEvent(Container.java:4297)
	at java.awt.LightweightDispatcher.dispatchEvent(Container.java:4227)
	at java.awt.Container.dispatchEventImpl(Container.java:2089)
	at java.awt.Window.dispatchEventImpl(Window.java:2517)
	at java.awt.Component.dispatchEvent(Component.java:4455)
	at java.awt.EventQueue.dispatchEventImpl(EventQueue.java:649)
	at java.awt.EventQueue.access$000(EventQueue.java:96)
	at java.awt.EventQueue$1.run(EventQueue.java:608)
	at java.awt.EventQueue$1.run(EventQueue.java:606)
	at java.security.AccessController.doPrivileged(Native Method)
	at java.security.AccessControlContext$1.doIntersectionPrivilege(AccessControlContext.java:105)
	at java.security.AccessControlContext$1.doIntersectionPrivilege(AccessControlContext.java:116)
	at java.awt.EventQueue$2.run(EventQueue.java:622)
	at java.awt.EventQueue$2.run(EventQueue.java:620)
	at java.security.AccessController.doPrivileged(Native Method)
	at java.security.AccessControlContext$1.doIntersectionPrivilege(AccessControlContext.java:105)
	at java.awt.EventQueue.dispatchEvent(EventQueue.java:619)
	at java.awt.EventDispatchThread.pumpOneEventForFilters(EventDispatchThread.java:275)
	at java.awt.EventDispatchThread.pumpEventsForFilter(EventDispatchThread.java:200)
	at java.awt.EventDispatchThread.pumpEventsForHierarchy(EventDispatchThread.java:190)
	at java.awt.EventDispatchThread.pumpEvents(EventDispatchThread.java:185)
	at java.awt.EventDispatchThread.pumpEvents(EventDispatchThread.java:177)
	at java.awt.EventDispatchThread.run(EventDispatchThread.java:138)
25-nov-2011 9:05:39 main.eventosBotones actionPerformed
GRAVE: null
com.mysql.jdbc.exceptions.jdbc4.MySQLSyntaxErrorException: Unknown column 'nombreAgautor' in 'field list'
	at sun.reflect.NativeConstructorAccessorImpl.newInstance0(Native Method)
	at sun.reflect.NativeConstructorAccessorImpl.newInstance(NativeConstructorAccessorImpl.java:57)
	at sun.reflect.DelegatingConstructorAccessorImpl.newInstance(DelegatingConstructorAccessorImpl.java:45)
	at java.lang.reflect.Constructor.newInstance(Constructor.java:532)
	at com.mysql.jdbc.Util.handleNewInstance(Util.java:409)
	at com.mysql.jdbc.Util.getInstance(Util.java:384)
	at com.mysql.jdbc.SQLError.createSQLException(SQLError.java:1054)
	at com.mysql.jdbc.MysqlIO.checkErrorPacket(MysqlIO.java:3566)
	at com.mysql.jdbc.MysqlIO.checkErrorPacket(MysqlIO.java:3498)
	at com.mysql.jdbc.MysqlIO.sendCommand(MysqlIO.java:1959)
	at com.mysql.jdbc.MysqlIO.sqlQueryDirect(MysqlIO.java:2113)
	at com.mysql.jdbc.ConnectionImpl.execSQL(ConnectionImpl.java:2562)
	at com.mysql.jdbc.ConnectionImpl.execSQL(ConnectionImpl.java:2512)
	at com.mysql.jdbc.StatementImpl.executeQuery(StatementImpl.java:1476)
	at BD.BD.consultar(BD.java:38)
	at BD.Consultor.lanzarConsulta(Consultor.java:46)
	at main.eventosBotones.actionPerformed(Main.java:143)
	at javax.swing.AbstractButton.fireActionPerformed(AbstractButton.java:2012)
	at javax.swing.AbstractButton$Handler.actionPerformed(AbstractButton.java:2335)
	at javax.swing.DefaultButtonModel.fireActionPerformed(DefaultButtonModel.java:404)
	at javax.swing.DefaultButtonModel.setPressed(DefaultButtonModel.java:259)
	at javax.swing.plaf.basic.BasicButtonListener.mouseReleased(BasicButtonListener.java:253)
	at java.awt.Component.processMouseEvent(Component.java:6268)
	at javax.swing.JComponent.processMouseEvent(JComponent.java:3267)
	at java.awt.Component.processEvent(Component.java:6033)
	at java.awt.Container.processEvent(Container.java:2045)
	at java.awt.Component.dispatchEventImpl(Component.java:4629)
	at java.awt.Container.dispatchEventImpl(Container.java:2103)
	at java.awt.Component.dispatchEvent(Component.java:4455)
	at java.awt.LightweightDispatcher.retargetMouseEvent(Container.java:4633)
	at java.awt.LightweightDispatcher.processMouseEvent(Container.java:4297)
	at java.awt.LightweightDispatcher.dispatchEvent(Container.java:4227)
	at java.awt.Container.dispatchEventImpl(Container.java:2089)
	at java.awt.Window.dispatchEventImpl(Window.java:2517)
	at java.awt.Component.dispatchEvent(Component.java:4455)
	at java.awt.EventQueue.dispatchEventImpl(EventQueue.java:649)
	at java.awt.EventQueue.access$000(EventQueue.java:96)
	at java.awt.EventQueue$1.run(EventQueue.java:608)
	at java.awt.EventQueue$1.run(EventQueue.java:606)
	at java.security.AccessController.doPrivileged(Native Method)
	at java.security.AccessControlContext$1.doIntersectionPrivilege(AccessControlContext.java:105)
	at java.security.AccessControlContext$1.doIntersectionPrivilege(AccessControlContext.java:116)
	at java.awt.EventQueue$2.run(EventQueue.java:622)
	at java.awt.EventQueue$2.run(EventQueue.java:620)
	at java.security.AccessController.doPrivileged(Native Method)
	at java.security.AccessControlContext$1.doIntersectionPrivilege(AccessControlContext.java:105)
	at java.awt.EventQueue.dispatchEvent(EventQueue.java:619)
	at java.awt.EventDispatchThread.pumpOneEventForFilters(EventDispatchThread.java:275)
	at java.awt.EventDispatchThread.pumpEventsForFilter(EventDispatchThread.java:200)
	at java.awt.EventDispatchThread.pumpEventsForHierarchy(EventDispatchThread.java:190)
	at java.awt.EventDispatchThread.pumpEvents(EventDispatchThread.java:185)
	at java.awt.EventDispatchThread.pumpEvents(EventDispatchThread.java:177)
	at java.awt.EventDispatchThread.run(EventDispatchThread.java:138)
25-nov-2011 9:06:00 main.eventosBotones actionPerformed
GRAVE: null
com.mysql.jdbc.exceptions.jdbc4.MySQLSyntaxErrorException: Unknown column 'titulo' in 'field list'
	at sun.reflect.NativeConstructorAccessorImpl.newInstance0(Native Method)
	at sun.reflect.NativeConstructorAccessorImpl.newInstance(NativeConstructorAccessorImpl.java:57)
	at sun.reflect.DelegatingConstructorAccessorImpl.newInstance(DelegatingConstructorAccessorImpl.java:45)
	at java.lang.reflect.Constructor.newInstance(Constructor.java:532)
	at com.mysql.jdbc.Util.handleNewInstance(Util.java:409)
	at com.mysql.jdbc.Util.getInstance(Util.java:384)
	at com.mysql.jdbc.SQLError.createSQLException(SQLError.java:1054)
	at com.mysql.jdbc.MysqlIO.checkErrorPacket(MysqlIO.java:3566)
	at com.mysql.jdbc.MysqlIO.checkErrorPacket(MysqlIO.java:3498)
	at com.mysql.jdbc.MysqlIO.sendCommand(MysqlIO.java:1959)
	at com.mysql.jdbc.MysqlIO.sqlQueryDirect(MysqlIO.java:2113)
	at com.mysql.jdbc.ConnectionImpl.execSQL(ConnectionImpl.java:2562)
	at com.mysql.jdbc.ConnectionImpl.execSQL(ConnectionImpl.java:2512)
	at com.mysql.jdbc.StatementImpl.executeQuery(StatementImpl.java:1476)
	at BD.BD.consultar(BD.java:38)
	at BD.Consultor.lanzarConsulta(Consultor.java:46)
	at main.eventosBotones.actionPerformed(Main.java:143)
	at javax.swing.AbstractButton.fireActionPerformed(AbstractButton.java:2012)
	at javax.swing.AbstractButton$Handler.actionPerformed(AbstractButton.java:2335)
	at javax.swing.DefaultButtonModel.fireActionPerformed(DefaultButtonModel.java:404)
	at javax.swing.DefaultButtonModel.setPressed(DefaultButtonModel.java:259)
	at javax.swing.plaf.basic.BasicButtonListener.mouseReleased(BasicButtonListener.java:253)
	at java.awt.Component.processMouseEvent(Component.java:6268)
	at javax.swing.JComponent.processMouseEvent(JComponent.java:3267)
	at java.awt.Component.processEvent(Component.java:6033)
	at java.awt.Container.processEvent(Container.java:2045)
	at java.awt.Component.dispatchEventImpl(Component.java:4629)
	at java.awt.Container.dispatchEventImpl(Container.java:2103)
	at java.awt.Component.dispatchEvent(Component.java:4455)
	at java.awt.LightweightDispatcher.retargetMouseEvent(Container.java:4633)
	at java.awt.LightweightDispatcher.processMouseEvent(Container.java:4297)
	at java.awt.LightweightDispatcher.dispatchEvent(Container.java:4227)
	at java.awt.Container.dispatchEventImpl(Container.java:2089)
	at java.awt.Window.dispatchEventImpl(Window.java:2517)
	at java.awt.Component.dispatchEvent(Component.java:4455)
	at java.awt.EventQueue.dispatchEventImpl(EventQueue.java:649)
	at java.awt.EventQueue.access$000(EventQueue.java:96)
	at java.awt.EventQueue$1.run(EventQueue.java:608)
	at java.awt.EventQueue$1.run(EventQueue.java:606)
	at java.security.AccessController.doPrivileged(Native Method)
	at java.security.AccessControlContext$1.doIntersectionPrivilege(AccessControlContext.java:105)
	at java.security.AccessControlContext$1.doIntersectionPrivilege(AccessControlContext.java:116)
	at java.awt.EventQueue$2.run(EventQueue.java:622)
	at java.awt.EventQueue$2.run(EventQueue.java:620)
	at java.security.AccessController.doPrivileged(Native Method)
	at java.security.AccessControlContext$1.doIntersectionPrivilege(AccessControlContext.java:105)
	at java.awt.EventQueue.dispatchEvent(EventQueue.java:619)
	at java.awt.EventDispatchThread.pumpOneEventForFilters(EventDispatchThread.java:275)
	at java.awt.EventDispatchThread.pumpEventsForFilter(EventDispatchThread.java:200)
	at java.awt.EventDispatchThread.pumpEventsForHierarchy(EventDispatchThread.java:190)
	at java.awt.EventDispatchThread.pumpEvents(EventDispatchThread.java:185)
	at java.awt.EventDispatchThread.pumpEvents(EventDispatchThread.java:177)
	at java.awt.EventDispatchThread.run(EventDispatchThread.java:138)
25-nov-2011 9:07:28 main.eventosBotones actionPerformed
GRAVE: null
com.mysql.jdbc.exceptions.jdbc4.MySQLSyntaxErrorException: Unknown column 'titulo' in 'field list'
	at sun.reflect.NativeConstructorAccessorImpl.newInstance0(Native Method)
	at sun.reflect.NativeConstructorAccessorImpl.newInstance(NativeConstructorAccessorImpl.java:57)
	at sun.reflect.DelegatingConstructorAccessorImpl.newInstance(DelegatingConstructorAccessorImpl.java:45)
	at java.lang.reflect.Constructor.newInstance(Constructor.java:532)
	at com.mysql.jdbc.Util.handleNewInstance(Util.java:409)
	at com.mysql.jdbc.Util.getInstance(Util.java:384)
	at com.mysql.jdbc.SQLError.createSQLException(SQLError.java:1054)
	at com.mysql.jdbc.MysqlIO.checkErrorPacket(MysqlIO.java:3566)
	at com.mysql.jdbc.MysqlIO.checkErrorPacket(MysqlIO.java:3498)
	at com.mysql.jdbc.MysqlIO.sendCommand(MysqlIO.java:1959)
	at com.mysql.jdbc.MysqlIO.sqlQueryDirect(MysqlIO.java:2113)
	at com.mysql.jdbc.ConnectionImpl.execSQL(ConnectionImpl.java:2562)
	at com.mysql.jdbc.ConnectionImpl.execSQL(ConnectionImpl.java:2512)
	at com.mysql.jdbc.StatementImpl.executeQuery(StatementImpl.java:1476)
	at BD.BD.consultar(BD.java:38)
	at BD.Consultor.lanzarConsulta(Consultor.java:46)
	at main.eventosBotones.actionPerformed(Main.java:143)
	at javax.swing.AbstractButton.fireActionPerformed(AbstractButton.java:2012)
	at javax.swing.AbstractButton$Handler.actionPerformed(AbstractButton.java:2335)
	at javax.swing.DefaultButtonModel.fireActionPerformed(DefaultButtonModel.java:404)
	at javax.swing.DefaultButtonModel.setPressed(DefaultButtonModel.java:259)
	at javax.swing.plaf.basic.BasicButtonListener.mouseReleased(BasicButtonListener.java:253)
	at java.awt.Component.processMouseEvent(Component.java:6268)
	at javax.swing.JComponent.processMouseEvent(JComponent.java:3267)
	at java.awt.Component.processEvent(Component.java:6033)
	at java.awt.Container.processEvent(Container.java:2045)
	at java.awt.Component.dispatchEventImpl(Component.java:4629)
	at java.awt.Container.dispatchEventImpl(Container.java:2103)
	at java.awt.Component.dispatchEvent(Component.java:4455)
	at java.awt.LightweightDispatcher.retargetMouseEvent(Container.java:4633)
	at java.awt.LightweightDispatcher.processMouseEvent(Container.java:4297)
	at java.awt.LightweightDispatcher.dispatchEvent(Container.java:4227)
	at java.awt.Container.dispatchEventImpl(Container.java:2089)
	at java.awt.Window.dispatchEventImpl(Window.java:2517)
	at java.awt.Component.dispatchEvent(Component.java:4455)
	at java.awt.EventQueue.dispatchEventImpl(EventQueue.java:649)
	at java.awt.EventQueue.access$000(EventQueue.java:96)
	at java.awt.EventQueue$1.run(EventQueue.java:608)
	at java.awt.EventQueue$1.run(EventQueue.java:606)
	at java.security.AccessController.doPrivileged(Native Method)
	at java.security.AccessControlContext$1.doIntersectionPrivilege(AccessControlContext.java:105)
	at java.security.AccessControlContext$1.doIntersectionPrivilege(AccessControlContext.java:116)
	at java.awt.EventQueue$2.run(EventQueue.java:622)
	at java.awt.EventQueue$2.run(EventQueue.java:620)
	at java.security.AccessController.doPrivileged(Native Method)
	at java.security.AccessControlContext$1.doIntersectionPrivilege(AccessControlContext.java:105)
	at java.awt.EventQueue.dispatchEvent(EventQueue.java:619)
	at java.awt.EventDispatchThread.pumpOneEventForFilters(EventDispatchThread.java:275)
	at java.awt.EventDispatchThread.pumpEventsForFilter(EventDispatchThread.java:200)
	at java.awt.EventDispatchThread.pumpEventsForHierarchy(EventDispatchThread.java:190)
	at java.awt.EventDispatchThread.pumpEvents(EventDispatchThread.java:185)
	at java.awt.EventDispatchThread.pumpEvents(EventDispatchThread.java:177)
	at java.awt.EventDispatchThread.run(EventDispatchThread.java:138)
25-nov-2011 9:07:53 main.eventosBotones actionPerformed
GRAVE: null
com.mysql.jdbc.exceptions.jdbc4.MySQLSyntaxErrorException: You have an error in your SQL syntax; check the manual that corresponds to your MySQL server version for the right syntax to use near 'SEaweLECT substr(titulo,1,10), fechaEdicion, precio * 1.3755, nombreAutor FROM C' at line 1
	at sun.reflect.NativeConstructorAccessorImpl.newInstance0(Native Method)
	at sun.reflect.NativeConstructorAccessorImpl.newInstance(NativeConstructorAccessorImpl.java:57)
	at sun.reflect.DelegatingConstructorAccessorImpl.newInstance(DelegatingConstructorAccessorImpl.java:45)
	at java.lang.reflect.Constructor.newInstance(Constructor.java:532)
	at com.mysql.jdbc.Util.handleNewInstance(Util.java:409)
	at com.mysql.jdbc.Util.getInstance(Util.java:384)
	at com.mysql.jdbc.SQLError.createSQLException(SQLError.java:1054)
	at com.mysql.jdbc.MysqlIO.checkErrorPacket(MysqlIO.java:3566)
	at com.mysql.jdbc.MysqlIO.checkErrorPacket(MysqlIO.java:3498)
	at com.mysql.jdbc.MysqlIO.sendCommand(MysqlIO.java:1959)
	at com.mysql.jdbc.MysqlIO.sqlQueryDirect(MysqlIO.java:2113)
	at com.mysql.jdbc.ConnectionImpl.execSQL(ConnectionImpl.java:2562)
	at com.mysql.jdbc.ConnectionImpl.execSQL(ConnectionImpl.java:2512)
	at com.mysql.jdbc.StatementImpl.executeQuery(StatementImpl.java:1476)
	at BD.BD.consultar(BD.java:38)
	at BD.Consultor.lanzarConsulta(Consultor.java:46)
	at main.eventosBotones.actionPerformed(Main.java:143)
	at javax.swing.AbstractButton.fireActionPerformed(AbstractButton.java:2012)
	at javax.swing.AbstractButton$Handler.actionPerformed(AbstractButton.java:2335)
	at javax.swing.DefaultButtonModel.fireActionPerformed(DefaultButtonModel.java:404)
	at javax.swing.DefaultButtonModel.setPressed(DefaultButtonModel.java:259)
	at javax.swing.plaf.basic.BasicButtonListener.mouseReleased(BasicButtonListener.java:253)
	at java.awt.Component.processMouseEvent(Component.java:6268)
	at javax.swing.JComponent.processMouseEvent(JComponent.java:3267)
	at java.awt.Component.processEvent(Component.java:6033)
	at java.awt.Container.processEvent(Container.java:2045)
	at java.awt.Component.dispatchEventImpl(Component.java:4629)
	at java.awt.Container.dispatchEventImpl(Container.java:2103)
	at java.awt.Component.dispatchEvent(Component.java:4455)
	at java.awt.LightweightDispatcher.retargetMouseEvent(Container.java:4633)
	at java.awt.LightweightDispatcher.processMouseEvent(Container.java:4297)
	at java.awt.LightweightDispatcher.dispatchEvent(Container.java:4227)
	at java.awt.Container.dispatchEventImpl(Container.java:2089)
	at java.awt.Window.dispatchEventImpl(Window.java:2517)
	at java.awt.Component.dispatchEvent(Component.java:4455)
	at java.awt.EventQueue.dispatchEventImpl(EventQueue.java:649)
	at java.awt.EventQueue.access$000(EventQueue.java:96)
	at java.awt.EventQueue$1.run(EventQueue.java:608)
	at java.awt.EventQueue$1.run(EventQueue.java:606)
	at java.security.AccessController.doPrivileged(Native Method)
	at java.security.AccessControlContext$1.doIntersectionPrivilege(AccessControlContext.java:105)
	at java.security.AccessControlContext$1.doIntersectionPrivilege(AccessControlContext.java:116)
	at java.awt.EventQueue$2.run(EventQueue.java:622)
	at java.awt.EventQueue$2.run(EventQueue.java:620)
	at java.security.AccessController.doPrivileged(Native Method)
	at java.security.AccessControlContext$1.doIntersectionPrivilege(AccessControlContext.java:105)
	at java.awt.EventQueue.dispatchEvent(EventQueue.java:619)
	at java.awt.EventDispatchThread.pumpOneEventForFilters(EventDispatchThread.java:275)
	at java.awt.EventDispatchThread.pumpEventsForFilter(EventDispatchThread.java:200)
	at java.awt.EventDispatchThread.pumpEventsForHierarchy(EventDispatchThread.java:190)
	at java.awt.EventDispatchThread.pumpEvents(EventDispatchThread.java:185)
	at java.awt.EventDispatchThread.pumpEvents(EventDispatchThread.java:177)
	at java.awt.EventDispatchThread.run(EventDispatchThread.java:138)
